2019-02-22 12:43:57.085  WARN 13588 --- [HikariPool-1 housekeeper] com.zaxxer.hikari.pool.HikariPool        : HikariPool-1 - Thread starvation or clock leap detected (housekeeper delta=14h33m54s140ms47µs473ns).
2019-02-22 12:55:54.928  INFO 12848 --- [main] com.zara.Zara.ZaraApplication            : Starting ZaraApplication on Laptop-Denis with PID 12848 (C:\Users\denis\Documents\3D\zara\target\classes started by denis in C:\Users\denis\Documents\3D\zara)
2019-02-22 12:55:54.937  INFO 12848 --- [main] com.zara.Zara.ZaraApplication            : No active profile set, falling back to default profiles: default
2019-02-22 12:55:55.116  INFO 12848 --- [main] ConfigServletWebServerApplicationContext : Refreshing org.springframework.boot.web.servlet.context.AnnotationConfigServletWebServerApplicationContext@78e117e3: startup date [Fri Feb 22 12:55:55 EAT 2019]; root of context hierarchy
2019-02-22 12:55:59.700  INFO 12848 --- [main] o.s.b.f.s.DefaultListableBeanFactory     : Overriding bean definition for bean 'dataSource' with a different definition: replacing [Root bean: class [null]; scope=; abstract=false; lazyInit=false; autowireMode=3; dependencyCheck=0; autowireCandidate=true; primary=false; factoryBeanName=org.springframework.boot.autoconfigure.jdbc.DataSourceConfiguration$Dbcp2; factoryMethodName=dataSource; initMethodName=null; destroyMethodName=(inferred); defined in class path resource [org/springframework/boot/autoconfigure/jdbc/DataSourceConfiguration$Dbcp2.class]] with [Root bean: class [null]; scope=; abstract=false; lazyInit=false; autowireMode=3; dependencyCheck=0; autowireCandidate=true; primary=false; factoryBeanName=org.springframework.boot.autoconfigure.jdbc.DataSourceConfiguration$Hikari; factoryMethodName=dataSource; initMethodName=null; destroyMethodName=(inferred); defined in class path resource [org/springframework/boot/autoconfigure/jdbc/DataSourceConfiguration$Hikari.class]]
2019-02-22 12:56:02.054  INFO 12848 --- [main] trationDelegate$BeanPostProcessorChecker : Bean 'org.springframework.transaction.annotation.ProxyTransactionManagementConfiguration' of type [org.springframework.transaction.annotation.ProxyTransactionManagementConfiguration$$EnhancerBySpringCGLIB$$e428de29] is not eligible for getting processed by all BeanPostProcessors (for example: not eligible for auto-proxying)
2019-02-22 12:56:03.947  INFO 12848 --- [main] o.s.b.w.embedded.tomcat.TomcatWebServer  : Tomcat initialized with port(s): 5050 (http)
2019-02-22 12:56:04.048  INFO 12848 --- [main] o.apache.catalina.core.StandardService   : Starting service [Tomcat]
2019-02-22 12:56:04.051  INFO 12848 --- [main] org.apache.catalina.core.StandardEngine  : Starting Servlet Engine: Apache Tomcat/8.5.31
2019-02-22 12:56:04.074  INFO 12848 --- [localhost-startStop-1] o.a.catalina.core.AprLifecycleListener   : The APR based Apache Tomcat Native library which allows optimal performance in production environments was not found on the java.library.path: [C:\Program Files\Java\jdk1.8.0_161\bin;C:\WINDOWS\Sun\Java\bin;C:\WINDOWS\system32;C:\WINDOWS;C:\ProgramData\Oracle\Java\javapath;C:\WINDOWS\system32;C:\WINDOWS;C:\WINDOWS\System32\Wbem;C:\WINDOWS\System32\WindowsPowerShell\v1.0\;C:\Program Files\nodejs\;C:\gradle\gradle-4.4\bin;C:\Program Files\apache-maven-3.5.2-bin\apache-maven-3.5.2\bin;C:\Program Files\Python36;C:\xampp\php;C:\WINDOWS\System32\OpenSSH\;C:\Program Files\OpenVPN\bin;C:\ProgramData\ComposerSetup\bin;C:\Users\denis\AppData\Local\Microsoft\WindowsApps;C:\Users\denis\AppData\Roaming\npm;C:\Program Files\Microsoft VS Code\bin;C:\Program Files\Heroku\bin;C:\Users\denis\AppData\Local\Microsoft\WindowsApps;C:\Users\denis\AppData\Local\Programs\MiKTeX 2.9\miktex\bin\x64\;C:\Users\denis\AppData\Roaming\Composer\vendor\bin;.]
2019-02-22 12:56:04.784  INFO 12848 --- [localhost-startStop-1] o.a.c.c.C.[.[localhost].[/pesapay]       : Initializing Spring embedded WebApplicationContext
2019-02-22 12:56:04.788  INFO 12848 --- [localhost-startStop-1] o.s.web.context.ContextLoader            : Root WebApplicationContext: initialization completed in 9672 ms
2019-02-22 12:56:05.272  INFO 12848 --- [localhost-startStop-1] o.s.b.w.servlet.FilterRegistrationBean   : Mapping filter: 'characterEncodingFilter' to: [/*]
2019-02-22 12:56:05.273  INFO 12848 --- [localhost-startStop-1] o.s.b.w.servlet.FilterRegistrationBean   : Mapping filter: 'hiddenHttpMethodFilter' to: [/*]
2019-02-22 12:56:05.274  INFO 12848 --- [localhost-startStop-1] o.s.b.w.servlet.FilterRegistrationBean   : Mapping filter: 'httpPutFormContentFilter' to: [/*]
2019-02-22 12:56:05.277  INFO 12848 --- [localhost-startStop-1] o.s.b.w.servlet.FilterRegistrationBean   : Mapping filter: 'requestContextFilter' to: [/*]
2019-02-22 12:56:05.278  INFO 12848 --- [localhost-startStop-1] .s.DelegatingFilterProxyRegistrationBean : Mapping filter: 'springSecurityFilterChain' to: [/*]
2019-02-22 12:56:05.281  INFO 12848 --- [localhost-startStop-1] o.s.b.w.servlet.ServletRegistrationBean  : Servlet dispatcherServlet mapped to [/]
2019-02-22 12:56:06.019  INFO 12848 --- [main] com.zaxxer.hikari.HikariDataSource       : HikariPool-1 - Starting...
2019-02-22 12:56:06.492  INFO 12848 --- [main] com.zaxxer.hikari.HikariDataSource       : HikariPool-1 - Start completed.
2019-02-22 12:56:06.747  INFO 12848 --- [main] j.LocalContainerEntityManagerFactoryBean : Building JPA container EntityManagerFactory for persistence unit 'default'
2019-02-22 12:56:06.908  INFO 12848 --- [main] o.hibernate.jpa.internal.util.LogHelper  : HHH000204: Processing PersistenceUnitInfo [
	name: default
	...]
2019-02-22 12:56:08.744  INFO 12848 --- [main] org.hibernate.Version                    : HHH000412: Hibernate Core {5.2.17.Final}
2019-02-22 12:56:08.881  INFO 12848 --- [main] org.hibernate.cfg.Environment            : HHH000206: hibernate.properties not found
2019-02-22 12:56:11.282  INFO 12848 --- [main] o.hibernate.annotations.common.Version   : HCANN000001: Hibernate Commons Annotations {5.0.1.Final}
2019-02-22 12:56:11.816  INFO 12848 --- [main] org.hibernate.dialect.Dialect            : HHH000400: Using dialect: org.hibernate.dialect.PostgreSQLDialect
2019-02-22 12:56:12.397  INFO 12848 --- [main] o.h.e.j.e.i.LobCreatorBuilderImpl        : HHH000421: Disabling contextual LOB creation as hibernate.jdbc.lob.non_contextual_creation is true
2019-02-22 12:56:12.403  INFO 12848 --- [main] org.hibernate.type.BasicTypeRegistry     : HHH000270: Type registration [java.util.UUID] overrides previous : org.hibernate.type.UUIDBinaryType@5f05c8d6
2019-02-22 12:56:13.064  WARN 12848 --- [main] ConfigServletWebServerApplicationContext : Exception encountered during context initialization - cancelling refresh attempt: org.springframework.beans.factory.BeanCreationException: Error creating bean with name 'entityManagerFactory' defined in class path resource [org/springframework/boot/autoconfigure/orm/jpa/HibernateJpaConfiguration.class]: Invocation of init method failed; nested exception is javax.persistence.PersistenceException: [PersistenceUnit: default] Unable to build Hibernate SessionFactory; nested exception is org.hibernate.MappingException: Could not determine type for: com.zara.Zara.entities.BulkCategory, at table: bulk_beneficiaries, for columns: [org.hibernate.mapping.Column(bulk_category)]
2019-02-22 12:56:13.068  INFO 12848 --- [main] com.zaxxer.hikari.HikariDataSource       : HikariPool-1 - Shutdown initiated...
2019-02-22 12:56:13.116  INFO 12848 --- [main] com.zaxxer.hikari.HikariDataSource       : HikariPool-1 - Shutdown completed.
2019-02-22 12:56:13.147  INFO 12848 --- [main] o.apache.catalina.core.StandardService   : Stopping service [Tomcat]
2019-02-22 12:56:13.247  INFO 12848 --- [main] ConditionEvaluationReportLoggingListener : 

Error starting ApplicationContext. To display the conditions report re-run your application with 'debug' enabled.
2019-02-22 12:56:13.289 ERROR 12848 --- [main] o.s.boot.SpringApplication               : Application run failed

org.springframework.beans.factory.BeanCreationException: Error creating bean with name 'entityManagerFactory' defined in class path resource [org/springframework/boot/autoconfigure/orm/jpa/HibernateJpaConfiguration.class]: Invocation of init method failed; nested exception is javax.persistence.PersistenceException: [PersistenceUnit: default] Unable to build Hibernate SessionFactory; nested exception is org.hibernate.MappingException: Could not determine type for: com.zara.Zara.entities.BulkCategory, at table: bulk_beneficiaries, for columns: [org.hibernate.mapping.Column(bulk_category)]
	at org.springframework.beans.factory.support.AbstractAutowireCapableBeanFactory.initializeBean(AbstractAutowireCapableBeanFactory.java:1708) ~[spring-beans-5.0.7.RELEASE.jar:5.0.7.RELEASE]
	at org.springframework.beans.factory.support.AbstractAutowireCapableBeanFactory.doCreateBean(AbstractAutowireCapableBeanFactory.java:581) ~[spring-beans-5.0.7.RELEASE.jar:5.0.7.RELEASE]
	at org.springframework.beans.factory.support.AbstractAutowireCapableBeanFactory.createBean(AbstractAutowireCapableBeanFactory.java:503) ~[spring-beans-5.0.7.RELEASE.jar:5.0.7.RELEASE]
	at org.springframework.beans.factory.support.AbstractBeanFactory.lambda$doGetBean$0(AbstractBeanFactory.java:317) ~[spring-beans-5.0.7.RELEASE.jar:5.0.7.RELEASE]
	at org.springframework.beans.factory.support.DefaultSingletonBeanRegistry.getSingleton(DefaultSingletonBeanRegistry.java:222) ~[spring-beans-5.0.7.RELEASE.jar:5.0.7.RELEASE]
	at org.springframework.beans.factory.support.AbstractBeanFactory.doGetBean(AbstractBeanFactory.java:315) ~[spring-beans-5.0.7.RELEASE.jar:5.0.7.RELEASE]
	at org.springframework.beans.factory.support.AbstractBeanFactory.getBean(AbstractBeanFactory.java:199) ~[spring-beans-5.0.7.RELEASE.jar:5.0.7.RELEASE]
	at org.springframework.context.support.AbstractApplicationContext.getBean(AbstractApplicationContext.java:1089) ~[spring-context-5.0.7.RELEASE.jar:5.0.7.RELEASE]
	at org.springframework.context.support.AbstractApplicationContext.finishBeanFactoryInitialization(AbstractApplicationContext.java:859) ~[spring-context-5.0.7.RELEASE.jar:5.0.7.RELEASE]
	at org.springframework.context.support.AbstractApplicationContext.refresh(AbstractApplicationContext.java:550) ~[spring-context-5.0.7.RELEASE.jar:5.0.7.RELEASE]
	at org.springframework.boot.web.servlet.context.ServletWebServerApplicationContext.refresh(ServletWebServerApplicationContext.java:140) ~[spring-boot-2.0.3.RELEASE.jar:2.0.3.RELEASE]
	at org.springframework.boot.SpringApplication.refresh(SpringApplication.java:759) [spring-boot-2.0.3.RELEASE.jar:2.0.3.RELEASE]
	at org.springframework.boot.SpringApplication.refreshContext(SpringApplication.java:395) [spring-boot-2.0.3.RELEASE.jar:2.0.3.RELEASE]
	at org.springframework.boot.SpringApplication.run(SpringApplication.java:327) [spring-boot-2.0.3.RELEASE.jar:2.0.3.RELEASE]
	at org.springframework.boot.SpringApplication.run(SpringApplication.java:1255) [spring-boot-2.0.3.RELEASE.jar:2.0.3.RELEASE]
	at org.springframework.boot.SpringApplication.run(SpringApplication.java:1243) [spring-boot-2.0.3.RELEASE.jar:2.0.3.RELEASE]
	at com.zara.Zara.ZaraApplication.main(ZaraApplication.java:13) [classes/:na]
Caused by: javax.persistence.PersistenceException: [PersistenceUnit: default] Unable to build Hibernate SessionFactory; nested exception is org.hibernate.MappingException: Could not determine type for: com.zara.Zara.entities.BulkCategory, at table: bulk_beneficiaries, for columns: [org.hibernate.mapping.Column(bulk_category)]
	at org.springframework.orm.jpa.AbstractEntityManagerFactoryBean.buildNativeEntityManagerFactory(AbstractEntityManagerFactoryBean.java:402) ~[spring-orm-5.0.7.RELEASE.jar:5.0.7.RELEASE]
	at org.springframework.orm.jpa.AbstractEntityManagerFactoryBean.afterPropertiesSet(AbstractEntityManagerFactoryBean.java:377) ~[spring-orm-5.0.7.RELEASE.jar:5.0.7.RELEASE]
	at org.springframework.orm.jpa.LocalContainerEntityManagerFactoryBean.afterPropertiesSet(LocalContainerEntityManagerFactoryBean.java:341) ~[spring-orm-5.0.7.RELEASE.jar:5.0.7.RELEASE]
	at org.springframework.beans.factory.support.AbstractAutowireCapableBeanFactory.invokeInitMethods(AbstractAutowireCapableBeanFactory.java:1767) ~[spring-beans-5.0.7.RELEASE.jar:5.0.7.RELEASE]
	at org.springframework.beans.factory.support.AbstractAutowireCapableBeanFactory.initializeBean(AbstractAutowireCapableBeanFactory.java:1704) ~[spring-beans-5.0.7.RELEASE.jar:5.0.7.RELEASE]
	... 16 common frames omitted
Caused by: org.hibernate.MappingException: Could not determine type for: com.zara.Zara.entities.BulkCategory, at table: bulk_beneficiaries, for columns: [org.hibernate.mapping.Column(bulk_category)]
	at org.hibernate.mapping.SimpleValue.getType(SimpleValue.java:456) ~[hibernate-core-5.2.17.Final.jar:5.2.17.Final]
	at org.hibernate.mapping.SimpleValue.isValid(SimpleValue.java:423) ~[hibernate-core-5.2.17.Final.jar:5.2.17.Final]
	at org.hibernate.mapping.Property.isValid(Property.java:226) ~[hibernate-core-5.2.17.Final.jar:5.2.17.Final]
	at org.hibernate.mapping.PersistentClass.validate(PersistentClass.java:597) ~[hibernate-core-5.2.17.Final.jar:5.2.17.Final]
	at org.hibernate.mapping.RootClass.validate(RootClass.java:265) ~[hibernate-core-5.2.17.Final.jar:5.2.17.Final]
	at org.hibernate.boot.internal.MetadataImpl.validate(MetadataImpl.java:329) ~[hibernate-core-5.2.17.Final.jar:5.2.17.Final]
	at org.hibernate.boot.internal.SessionFactoryBuilderImpl.build(SessionFactoryBuilderImpl.java:461) ~[hibernate-core-5.2.17.Final.jar:5.2.17.Final]
	at org.hibernate.jpa.boot.internal.EntityManagerFactoryBuilderImpl.build(EntityManagerFactoryBuilderImpl.java:892) ~[hibernate-core-5.2.17.Final.jar:5.2.17.Final]
	at org.springframework.orm.jpa.vendor.SpringHibernateJpaPersistenceProvider.createContainerEntityManagerFactory(SpringHibernateJpaPersistenceProvider.java:57) ~[spring-orm-5.0.7.RELEASE.jar:5.0.7.RELEASE]
	at org.springframework.orm.jpa.LocalContainerEntityManagerFactoryBean.createNativeEntityManagerFactory(LocalContainerEntityManagerFactoryBean.java:365) ~[spring-orm-5.0.7.RELEASE.jar:5.0.7.RELEASE]
	at org.springframework.orm.jpa.AbstractEntityManagerFactoryBean.buildNativeEntityManagerFactory(AbstractEntityManagerFactoryBean.java:390) ~[spring-orm-5.0.7.RELEASE.jar:5.0.7.RELEASE]
	... 20 common frames omitted

2019-02-22 13:53:48.599  INFO 12864 --- [main] com.zara.Zara.ZaraApplication            : Starting ZaraApplication on Laptop-Denis with PID 12864 (C:\Users\denis\Documents\3D\zara\target\classes started by denis in C:\Users\denis\Documents\3D\zara)
2019-02-22 13:53:48.609  INFO 12864 --- [main] com.zara.Zara.ZaraApplication            : No active profile set, falling back to default profiles: default
2019-02-22 13:53:48.873  INFO 12864 --- [main] ConfigServletWebServerApplicationContext : Refreshing org.springframework.boot.web.servlet.context.AnnotationConfigServletWebServerApplicationContext@5cee5251: startup date [Fri Feb 22 13:53:48 EAT 2019]; root of context hierarchy
2019-02-22 13:53:52.882  INFO 12864 --- [main] o.s.b.f.s.DefaultListableBeanFactory     : Overriding bean definition for bean 'dataSource' with a different definition: replacing [Root bean: class [null]; scope=; abstract=false; lazyInit=false; autowireMode=3; dependencyCheck=0; autowireCandidate=true; primary=false; factoryBeanName=org.springframework.boot.autoconfigure.jdbc.DataSourceConfiguration$Dbcp2; factoryMethodName=dataSource; initMethodName=null; destroyMethodName=(inferred); defined in class path resource [org/springframework/boot/autoconfigure/jdbc/DataSourceConfiguration$Dbcp2.class]] with [Root bean: class [null]; scope=; abstract=false; lazyInit=false; autowireMode=3; dependencyCheck=0; autowireCandidate=true; primary=false; factoryBeanName=org.springframework.boot.autoconfigure.jdbc.DataSourceConfiguration$Hikari; factoryMethodName=dataSource; initMethodName=null; destroyMethodName=(inferred); defined in class path resource [org/springframework/boot/autoconfigure/jdbc/DataSourceConfiguration$Hikari.class]]
2019-02-22 13:53:54.869  INFO 12864 --- [main] trationDelegate$BeanPostProcessorChecker : Bean 'org.springframework.transaction.annotation.ProxyTransactionManagementConfiguration' of type [org.springframework.transaction.annotation.ProxyTransactionManagementConfiguration$$EnhancerBySpringCGLIB$$289fc04d] is not eligible for getting processed by all BeanPostProcessors (for example: not eligible for auto-proxying)
2019-02-22 13:53:56.198  INFO 12864 --- [main] o.s.b.w.embedded.tomcat.TomcatWebServer  : Tomcat initialized with port(s): 5050 (http)
2019-02-22 13:53:56.286  INFO 12864 --- [main] o.apache.catalina.core.StandardService   : Starting service [Tomcat]
2019-02-22 13:53:56.290  INFO 12864 --- [main] org.apache.catalina.core.StandardEngine  : Starting Servlet Engine: Apache Tomcat/8.5.31
2019-02-22 13:53:56.314  INFO 12864 --- [localhost-startStop-1] o.a.catalina.core.AprLifecycleListener   : The APR based Apache Tomcat Native library which allows optimal performance in production environments was not found on the java.library.path: [C:\Program Files\Java\jdk1.8.0_161\bin;C:\WINDOWS\Sun\Java\bin;C:\WINDOWS\system32;C:\WINDOWS;C:\ProgramData\Oracle\Java\javapath;C:\WINDOWS\system32;C:\WINDOWS;C:\WINDOWS\System32\Wbem;C:\WINDOWS\System32\WindowsPowerShell\v1.0\;C:\Program Files\nodejs\;C:\gradle\gradle-4.4\bin;C:\Program Files\apache-maven-3.5.2-bin\apache-maven-3.5.2\bin;C:\Program Files\Python36;C:\xampp\php;C:\WINDOWS\System32\OpenSSH\;C:\Program Files\OpenVPN\bin;C:\ProgramData\ComposerSetup\bin;C:\Users\denis\AppData\Local\Microsoft\WindowsApps;C:\Users\denis\AppData\Roaming\npm;C:\Program Files\Microsoft VS Code\bin;C:\Program Files\Heroku\bin;C:\Users\denis\AppData\Local\Microsoft\WindowsApps;C:\Users\denis\AppData\Local\Programs\MiKTeX 2.9\miktex\bin\x64\;C:\Users\denis\AppData\Roaming\Composer\vendor\bin;.]
2019-02-22 13:53:57.027  INFO 12864 --- [localhost-startStop-1] o.a.c.c.C.[.[localhost].[/pesapay]       : Initializing Spring embedded WebApplicationContext
2019-02-22 13:53:57.027  INFO 12864 --- [localhost-startStop-1] o.s.web.context.ContextLoader            : Root WebApplicationContext: initialization completed in 8154 ms
2019-02-22 13:53:57.505  INFO 12864 --- [localhost-startStop-1] o.s.b.w.servlet.FilterRegistrationBean   : Mapping filter: 'characterEncodingFilter' to: [/*]
2019-02-22 13:53:57.506  INFO 12864 --- [localhost-startStop-1] o.s.b.w.servlet.FilterRegistrationBean   : Mapping filter: 'hiddenHttpMethodFilter' to: [/*]
2019-02-22 13:53:57.507  INFO 12864 --- [localhost-startStop-1] o.s.b.w.servlet.FilterRegistrationBean   : Mapping filter: 'httpPutFormContentFilter' to: [/*]
2019-02-22 13:53:57.507  INFO 12864 --- [localhost-startStop-1] o.s.b.w.servlet.FilterRegistrationBean   : Mapping filter: 'requestContextFilter' to: [/*]
2019-02-22 13:53:57.508  INFO 12864 --- [localhost-startStop-1] .s.DelegatingFilterProxyRegistrationBean : Mapping filter: 'springSecurityFilterChain' to: [/*]
2019-02-22 13:53:57.512  INFO 12864 --- [localhost-startStop-1] o.s.b.w.servlet.ServletRegistrationBean  : Servlet dispatcherServlet mapped to [/]
2019-02-22 13:53:58.012  INFO 12864 --- [main] com.zaxxer.hikari.HikariDataSource       : HikariPool-1 - Starting...
2019-02-22 13:53:58.459  INFO 12864 --- [main] com.zaxxer.hikari.HikariDataSource       : HikariPool-1 - Start completed.
2019-02-22 13:53:58.638  INFO 12864 --- [main] j.LocalContainerEntityManagerFactoryBean : Building JPA container EntityManagerFactory for persistence unit 'default'
2019-02-22 13:53:58.713  INFO 12864 --- [main] o.hibernate.jpa.internal.util.LogHelper  : HHH000204: Processing PersistenceUnitInfo [
	name: default
	...]
2019-02-22 13:53:59.024  INFO 12864 --- [main] org.hibernate.Version                    : HHH000412: Hibernate Core {5.2.17.Final}
2019-02-22 13:53:59.104  INFO 12864 --- [main] org.hibernate.cfg.Environment            : HHH000206: hibernate.properties not found
2019-02-22 13:53:59.241  INFO 12864 --- [main] o.hibernate.annotations.common.Version   : HCANN000001: Hibernate Commons Annotations {5.0.1.Final}
2019-02-22 13:53:59.768  INFO 12864 --- [main] org.hibernate.dialect.Dialect            : HHH000400: Using dialect: org.hibernate.dialect.PostgreSQLDialect
2019-02-22 13:54:00.049  INFO 12864 --- [main] o.h.e.j.e.i.LobCreatorBuilderImpl        : HHH000421: Disabling contextual LOB creation as hibernate.jdbc.lob.non_contextual_creation is true
2019-02-22 13:54:00.061  INFO 12864 --- [main] org.hibernate.type.BasicTypeRegistry     : HHH000270: Type registration [java.util.UUID] overrides previous : org.hibernate.type.UUIDBinaryType@2ead6ba4
2019-02-22 13:54:03.095  INFO 12864 --- [main] j.LocalContainerEntityManagerFactoryBean : Initialized JPA EntityManagerFactory for persistence unit 'default'
2019-02-22 13:54:05.732  INFO 12864 --- [main] .s.s.UserDetailsServiceAutoConfiguration : 

Using generated security password: fd0bc6b6-7801-41db-968c-278867dc272b

2019-02-22 13:54:06.588  WARN 12864 --- [main] aWebConfiguration$JpaWebMvcConfiguration : spring.jpa.open-in-view is enabled by default. Therefore, database queries may be performed during view rendering. Explicitly configure spring.jpa.open-in-view to disable this warning
2019-02-22 13:54:06.860  INFO 12864 --- [main] s.w.s.m.m.a.RequestMappingHandlerMapping : Mapped "{[/agents/login],methods=[POST]}" onto public org.springframework.http.ResponseEntity<?> com.zara.Zara.controllers.AgentController.login(com.zara.Zara.models.LoginObject)
2019-02-22 13:54:06.864  INFO 12864 --- [main] s.w.s.m.m.a.RequestMappingHandlerMapping : Mapped "{[/agents/post],methods=[POST]}" onto public org.springframework.http.ResponseEntity<?> com.zara.Zara.controllers.AgentController.createAgent(com.zara.Zara.entities.Agent) throws java.io.UnsupportedEncodingException
2019-02-22 13:54:06.868  INFO 12864 --- [main] s.w.s.m.m.a.RequestMappingHandlerMapping : Mapped "{[/agents/generateOtp],methods=[POST]}" onto public org.springframework.http.ResponseEntity<?> com.zara.Zara.controllers.AgentController.generateOtp(com.zara.Zara.models.OtpObject) throws java.io.UnsupportedEncodingException
2019-02-22 13:54:06.869  INFO 12864 --- [main] s.w.s.m.m.a.RequestMappingHandlerMapping : Mapped "{[/agents/validateOtp],methods=[POST]}" onto public org.springframework.http.ResponseEntity<?> com.zara.Zara.controllers.AgentController.validateOtp(com.zara.Zara.models.OtpObject) throws java.io.UnsupportedEncodingException
2019-02-22 13:54:06.878  INFO 12864 --- [main] s.w.s.m.m.a.RequestMappingHandlerMapping : Mapped "{[/agents/findByAgentNumber/{agentNumber}],methods=[GET]}" onto public org.springframework.http.ResponseEntity<?> com.zara.Zara.controllers.AgentController.findAgentNumber(java.lang.String) throws java.io.UnsupportedEncodingException
2019-02-22 13:54:06.879  INFO 12864 --- [main] s.w.s.m.m.a.RequestMappingHandlerMapping : Mapped "{[/agents/findByPhoneNumber],methods=[POST]}" onto public org.springframework.http.ResponseEntity<?> com.zara.Zara.controllers.AgentController.findAgentPhoneNumber(com.zara.Zara.entities.Agent) throws java.io.UnsupportedEncodingException
2019-02-22 13:54:06.883  INFO 12864 --- [main] s.w.s.m.m.a.RequestMappingHandlerMapping : Mapped "{[/bankTransfers/post],methods=[POST]}" onto public org.springframework.http.ResponseEntity<?> com.zara.Zara.controllers.BankTransferController.post(com.zara.Zara.models.SafepayDto) throws com.fasterxml.jackson.core.JsonProcessingException
2019-02-22 13:54:06.886  INFO 12864 --- [main] s.w.s.m.m.a.RequestMappingHandlerMapping : Mapped "{[/bulkCategories/post/{businessId}],methods=[POST]}" onto public org.springframework.http.ResponseEntity<?> com.zara.Zara.controllers.BulkCategoryController.post(com.zara.Zara.entities.BulkCategory,java.lang.String)
2019-02-22 13:54:06.891  INFO 12864 --- [main] s.w.s.m.m.a.RequestMappingHandlerMapping : Mapped "{[/businesses/login],methods=[POST]}" onto public org.springframework.http.ResponseEntity<?> com.zara.Zara.controllers.BusinessController.login(com.zara.Zara.models.LoginObject)
2019-02-22 13:54:06.892  INFO 12864 --- [main] s.w.s.m.m.a.RequestMappingHandlerMapping : Mapped "{[/businesses/post],methods=[POST]}" onto public org.springframework.http.ResponseEntity<?> com.zara.Zara.controllers.BusinessController.createAgent(com.zara.Zara.entities.Business) throws java.io.UnsupportedEncodingException
2019-02-22 13:54:06.896  INFO 12864 --- [main] s.w.s.m.m.a.RequestMappingHandlerMapping : Mapped "{[/businesses/generateOtp],methods=[POST]}" onto public org.springframework.http.ResponseEntity<?> com.zara.Zara.controllers.BusinessController.generateOtp(com.zara.Zara.models.OtpObject) throws java.io.UnsupportedEncodingException
2019-02-22 13:54:06.896  INFO 12864 --- [main] s.w.s.m.m.a.RequestMappingHandlerMapping : Mapped "{[/businesses/validateOtp],methods=[POST]}" onto public org.springframework.http.ResponseEntity<?> com.zara.Zara.controllers.BusinessController.validateOtp(com.zara.Zara.models.OtpObject) throws java.io.UnsupportedEncodingException
2019-02-22 13:54:06.897  INFO 12864 --- [main] s.w.s.m.m.a.RequestMappingHandlerMapping : Mapped "{[/businesses/findByBusinessNumber/{businessNumber}],methods=[GET]}" onto public org.springframework.http.ResponseEntity<?> com.zara.Zara.controllers.BusinessController.findAgentNumber(java.lang.String) throws java.io.UnsupportedEncodingException
2019-02-22 13:54:06.899  INFO 12864 --- [main] s.w.s.m.m.a.RequestMappingHandlerMapping : Mapped "{[/creditCardsTransactions/post],methods=[POST]}" onto public org.springframework.http.ResponseEntity<?> com.zara.Zara.controllers.CreditCardTransactionController.post(com.zara.Zara.models.TransactionRequestBody) throws java.io.UnsupportedEncodingException,com.stripe.exception.CardException,com.stripe.exception.APIException,com.stripe.exception.AuthenticationException,com.stripe.exception.InvalidRequestException,com.stripe.exception.APIConnectionException
2019-02-22 13:54:06.909  INFO 12864 --- [main] s.w.s.m.m.a.RequestMappingHandlerMapping : Mapped "{[/customers/post],methods=[POST]}" onto public org.springframework.http.ResponseEntity<?> com.zara.Zara.controllers.CustomerController.save(com.zara.Zara.entities.Customer)
2019-02-22 13:54:06.911  INFO 12864 --- [main] s.w.s.m.m.a.RequestMappingHandlerMapping : Mapped "{[/customers/login],methods=[POST]}" onto public org.springframework.http.ResponseEntity<?> com.zara.Zara.controllers.CustomerController.login(com.zara.Zara.models.LoginObject)
2019-02-22 13:54:06.911  INFO 12864 --- [main] s.w.s.m.m.a.RequestMappingHandlerMapping : Mapped "{[/customers/generateOtp],methods=[POST]}" onto public org.springframework.http.ResponseEntity<?> com.zara.Zara.controllers.CustomerController.generateOtp(com.zara.Zara.models.OtpObject) throws java.io.UnsupportedEncodingException
2019-02-22 13:54:06.912  INFO 12864 --- [main] s.w.s.m.m.a.RequestMappingHandlerMapping : Mapped "{[/customers/validateOtp],methods=[POST]}" onto public org.springframework.http.ResponseEntity<?> com.zara.Zara.controllers.CustomerController.validateOtp(com.zara.Zara.models.OtpObject) throws java.io.UnsupportedEncodingException
2019-02-22 13:54:06.915  INFO 12864 --- [main] s.w.s.m.m.a.RequestMappingHandlerMapping : Mapped "{[/customers/findByPhoneNumber],methods=[POST]}" onto public org.springframework.http.ResponseEntity<?> com.zara.Zara.controllers.CustomerController.findCustomberByPhoneNumber(com.zara.Zara.entities.Customer) throws java.io.UnsupportedEncodingException
2019-02-22 13:54:06.916  INFO 12864 --- [main] s.w.s.m.m.a.RequestMappingHandlerMapping : Mapped "{[/customerTransfers/post],methods=[POST]}" onto public org.springframework.http.ResponseEntity<?> com.zara.Zara.controllers.CustomerTransferController.post(com.zara.Zara.models.TransactionRequestBody) throws java.io.UnsupportedEncodingException
2019-02-22 13:54:06.918  INFO 12864 --- [main] s.w.s.m.m.a.RequestMappingHandlerMapping : Mapped "{[/deposits/post],methods=[POST]}" onto public org.springframework.http.ResponseEntity<?> com.zara.Zara.controllers.DepositController.post(com.zara.Zara.models.TransactionRequestBody) throws java.io.UnsupportedEncodingException
2019-02-22 13:54:06.920  INFO 12864 --- [main] s.w.s.m.m.a.RequestMappingHandlerMapping : Mapped "{[/developers/post],methods=[POST]}" onto public org.springframework.http.ResponseEntity<?> com.zara.Zara.controllers.DeveloperController.post(com.zara.Zara.entities.Developer)
2019-02-22 13:54:06.921  INFO 12864 --- [main] s.w.s.m.m.a.RequestMappingHandlerMapping : Mapped "{[/],methods=[GET]}" onto public org.springframework.http.ResponseEntity<?> com.zara.Zara.controllers.HomeController.home()
2019-02-22 13:54:06.924  INFO 12864 --- [main] s.w.s.m.m.a.RequestMappingHandlerMapping : Mapped "{[/onlinepayments/generateOtp],methods=[POST]}" onto public org.springframework.http.ResponseEntity<?> com.zara.Zara.controllers.OnlinePaymentController.generateOtp(com.zara.Zara.models.OtpObject) throws java.io.UnsupportedEncodingException
2019-02-22 13:54:06.924  INFO 12864 --- [main] s.w.s.m.m.a.RequestMappingHandlerMapping : Mapped "{[/onlinepayments/processpayment],methods=[POST]}" onto public org.springframework.http.ResponseEntity<?> com.zara.Zara.controllers.OnlinePaymentController.validateOtp(com.zara.Zara.models.TransactionRequestBody) throws java.io.UnsupportedEncodingException
2019-02-22 13:54:06.926  INFO 12864 --- [main] s.w.s.m.m.a.RequestMappingHandlerMapping : Mapped "{[/payments/buy/post],methods=[POST]}" onto public org.springframework.http.ResponseEntity<?> com.zara.Zara.controllers.PaymentController.validateOtp(com.zara.Zara.models.TransactionRequestBody) throws java.io.UnsupportedEncodingException
2019-02-22 13:54:06.928  INFO 12864 --- [main] s.w.s.m.m.a.RequestMappingHandlerMapping : Mapped "{[/roles/getAll],methods=[GET]}" onto public org.springframework.http.ResponseEntity<?> com.zara.Zara.controllers.RoleController.getAll()
2019-02-22 13:54:06.932  INFO 12864 --- [main] s.w.s.m.m.a.RequestMappingHandlerMapping : Mapped "{[/transactions/getAll],methods=[GET]}" onto public org.springframework.http.ResponseEntity<?> com.zara.Zara.controllers.TransactionController.getAll()
2019-02-22 13:54:06.933  INFO 12864 --- [main] s.w.s.m.m.a.RequestMappingHandlerMapping : Mapped "{[/transactions/findCustomerOuts/{phoneNumber}],methods=[GET]}" onto public org.springframework.http.ResponseEntity<?> com.zara.Zara.controllers.TransactionController.findCustomerOuts(java.lang.String)
2019-02-22 13:54:06.933  INFO 12864 --- [main] s.w.s.m.m.a.RequestMappingHandlerMapping : Mapped "{[/transactions/findCustomerEntries/{phoneNumber}],methods=[GET]}" onto public org.springframework.http.ResponseEntity<?> com.zara.Zara.controllers.TransactionController.findCustomerEntries(java.lang.String)
2019-02-22 13:54:06.934  INFO 12864 --- [main] s.w.s.m.m.a.RequestMappingHandlerMapping : Mapped "{[/transactions/findByCustomerId/{phoneNumber}],methods=[GET]}" onto public org.springframework.http.ResponseEntity<?> com.zara.Zara.controllers.TransactionController.findByCustomerPhoneNumber(java.lang.String)
2019-02-22 13:54:06.935  INFO 12864 --- [main] s.w.s.m.m.a.RequestMappingHandlerMapping : Mapped "{[/withdrawals/post],methods=[POST]}" onto public org.springframework.http.ResponseEntity<?> com.zara.Zara.controllers.WithdrawalController.post(com.zara.Zara.models.TransactionRequestBody) throws java.io.UnsupportedEncodingException
2019-02-22 13:54:06.939  INFO 12864 --- [main] s.w.s.m.m.a.RequestMappingHandlerMapping : Mapped "{[/v2/api-docs],methods=[GET],produces=[application/json || application/hal+json]}" onto public org.springframework.http.ResponseEntity<springfox.documentation.spring.web.json.Json> springfox.documentation.swagger2.web.Swagger2Controller.getDocumentation(java.lang.String,javax.servlet.http.HttpServletRequest)
2019-02-22 13:54:06.946  INFO 12864 --- [main] s.w.s.m.m.a.RequestMappingHandlerMapping : Mapped "{[/swagger-resources/configuration/ui]}" onto org.springframework.http.ResponseEntity<springfox.documentation.swagger.web.UiConfiguration> springfox.documentation.swagger.web.ApiResourceController.uiConfiguration()
2019-02-22 13:54:06.951  INFO 12864 --- [main] s.w.s.m.m.a.RequestMappingHandlerMapping : Mapped "{[/swagger-resources]}" onto org.springframework.http.ResponseEntity<java.util.List<springfox.documentation.swagger.web.SwaggerResource>> springfox.documentation.swagger.web.ApiResourceController.swaggerResources()
2019-02-22 13:54:06.953  INFO 12864 --- [main] s.w.s.m.m.a.RequestMappingHandlerMapping : Mapped "{[/swagger-resources/configuration/security]}" onto org.springframework.http.ResponseEntity<springfox.documentation.swagger.web.SecurityConfiguration> springfox.documentation.swagger.web.ApiResourceController.securityConfiguration()
2019-02-22 13:54:06.961  INFO 12864 --- [main] s.w.s.m.m.a.RequestMappingHandlerMapping : Mapped "{[/error]}" onto public org.springframework.http.ResponseEntity<java.util.Map<java.lang.String, java.lang.Object>> org.springframework.boot.autoconfigure.web.servlet.error.BasicErrorController.error(javax.servlet.http.HttpServletRequest)
2019-02-22 13:54:06.962  INFO 12864 --- [main] s.w.s.m.m.a.RequestMappingHandlerMapping : Mapped "{[/error],produces=[text/html]}" onto public org.springframework.web.servlet.ModelAndView org.springframework.boot.autoconfigure.web.servlet.error.BasicErrorController.errorHtml(javax.servlet.http.HttpServletRequest,javax.servlet.http.HttpServletResponse)
2019-02-22 13:54:08.009  INFO 12864 --- [main] o.s.s.web.DefaultSecurityFilterChain     : Creating filter chain: org.springframework.security.web.util.matcher.AnyRequestMatcher@1, [org.springframework.security.web.context.request.async.WebAsyncManagerIntegrationFilter@579f3c8e, org.springframework.security.web.context.SecurityContextPersistenceFilter@4fea5ee0, org.springframework.security.web.header.HeaderWriterFilter@716ae973, org.springframework.security.web.authentication.logout.LogoutFilter@391d28ea, org.springframework.security.web.authentication.www.BasicAuthenticationFilter@1b1ea1d9, org.springframework.security.web.savedrequest.RequestCacheAwareFilter@6630dd28, org.springframework.security.web.servletapi.SecurityContextHolderAwareRequestFilter@7b1c501d, org.springframework.security.web.authentication.AnonymousAuthenticationFilter@4eb1943b, org.springframework.security.web.session.SessionManagementFilter@32f308c6, org.springframework.security.web.access.ExceptionTranslationFilter@563843f1, org.springframework.security.web.access.intercept.FilterSecurityInterceptor@12a6e8ed]
2019-02-22 13:54:08.331  INFO 12864 --- [main] o.s.w.s.handler.SimpleUrlHandlerMapping  : Mapped URL path [/**/favicon.ico] onto handler of type [class org.springframework.web.servlet.resource.ResourceHttpRequestHandler]
2019-02-22 13:54:09.724  INFO 12864 --- [main] s.w.s.m.m.a.RequestMappingHandlerAdapter : Looking for @ControllerAdvice: org.springframework.boot.web.servlet.context.AnnotationConfigServletWebServerApplicationContext@5cee5251: startup date [Fri Feb 22 13:53:48 EAT 2019]; root of context hierarchy
2019-02-22 13:54:09.924  INFO 12864 --- [main] o.s.w.s.handler.SimpleUrlHandlerMapping  : Mapped URL path [/webjars/**] onto handler of type [class org.springframework.web.servlet.resource.ResourceHttpRequestHandler]
2019-02-22 13:54:09.928  INFO 12864 --- [main] o.s.w.s.handler.SimpleUrlHandlerMapping  : Mapped URL path [/**] onto handler of type [class org.springframework.web.servlet.resource.ResourceHttpRequestHandler]
2019-02-22 13:54:10.828  INFO 12864 --- [main] o.s.j.e.a.AnnotationMBeanExporter        : Registering beans for JMX exposure on startup
2019-02-22 13:54:10.841  INFO 12864 --- [main] o.s.j.e.a.AnnotationMBeanExporter        : Bean with name 'dataSource' has been autodetected for JMX exposure
2019-02-22 13:54:10.884  INFO 12864 --- [main] o.s.j.e.a.AnnotationMBeanExporter        : Located MBean 'dataSource': registering with JMX server as MBean [com.zaxxer.hikari:name=dataSource,type=HikariDataSource]
2019-02-22 13:54:10.903  INFO 12864 --- [main] o.s.c.support.DefaultLifecycleProcessor  : Starting beans in phase 2147483647
2019-02-22 13:54:10.904  INFO 12864 --- [main] d.s.w.p.DocumentationPluginsBootstrapper : Context refreshed
2019-02-22 13:54:10.980  INFO 12864 --- [main] d.s.w.p.DocumentationPluginsBootstrapper : Found 1 custom documentation plugin(s)
2019-02-22 13:54:11.021  INFO 12864 --- [main] s.d.s.w.s.ApiListingReferenceScanner     : Scanning for api listing references
2019-02-22 13:54:11.718  INFO 12864 --- [main] .d.s.w.r.o.CachingOperationNameGenerator : Generating unique operation named: postUsingPOST_1
2019-02-22 13:54:11.742  INFO 12864 --- [main] .d.s.w.r.o.CachingOperationNameGenerator : Generating unique operation named: createAgentUsingPOST_1
2019-02-22 13:54:11.758  INFO 12864 --- [main] .d.s.w.r.o.CachingOperationNameGenerator : Generating unique operation named: findAgentNumberUsingGET_1
2019-02-22 13:54:11.803  INFO 12864 --- [main] .d.s.w.r.o.CachingOperationNameGenerator : Generating unique operation named: generateOtpUsingPOST_1
2019-02-22 13:54:11.829  INFO 12864 --- [main] .d.s.w.r.o.CachingOperationNameGenerator : Generating unique operation named: loginUsingPOST_1
2019-02-22 13:54:11.846  INFO 12864 --- [main] .d.s.w.r.o.CachingOperationNameGenerator : Generating unique operation named: validateOtpUsingPOST_1
2019-02-22 13:54:11.865  INFO 12864 --- [main] .d.s.w.r.o.CachingOperationNameGenerator : Generating unique operation named: postUsingPOST_2
2019-02-22 13:54:11.915  INFO 12864 --- [main] .d.s.w.r.o.CachingOperationNameGenerator : Generating unique operation named: generateOtpUsingPOST_2
2019-02-22 13:54:11.928  INFO 12864 --- [main] .d.s.w.r.o.CachingOperationNameGenerator : Generating unique operation named: loginUsingPOST_2
2019-02-22 13:54:11.958  INFO 12864 --- [main] .d.s.w.r.o.CachingOperationNameGenerator : Generating unique operation named: validateOtpUsingPOST_2
2019-02-22 13:54:11.969  INFO 12864 --- [main] .d.s.w.r.o.CachingOperationNameGenerator : Generating unique operation named: postUsingPOST_3
2019-02-22 13:54:11.980  INFO 12864 --- [main] .d.s.w.r.o.CachingOperationNameGenerator : Generating unique operation named: postUsingPOST_4
2019-02-22 13:54:11.998  INFO 12864 --- [main] .d.s.w.r.o.CachingOperationNameGenerator : Generating unique operation named: postUsingPOST_5
2019-02-22 13:54:12.014  INFO 12864 --- [main] .d.s.w.r.o.CachingOperationNameGenerator : Generating unique operation named: generateOtpUsingPOST_3
2019-02-22 13:54:12.023  INFO 12864 --- [main] .d.s.w.r.o.CachingOperationNameGenerator : Generating unique operation named: validateOtpUsingPOST_3
2019-02-22 13:54:12.033  INFO 12864 --- [main] .d.s.w.r.o.CachingOperationNameGenerator : Generating unique operation named: validateOtpUsingPOST_4
2019-02-22 13:54:12.082  INFO 12864 --- [main] .d.s.w.r.o.CachingOperationNameGenerator : Generating unique operation named: getAllUsingGET_1
2019-02-22 13:54:12.090  INFO 12864 --- [main] .d.s.w.r.o.CachingOperationNameGenerator : Generating unique operation named: postUsingPOST_6
2019-02-22 13:54:12.220  INFO 12864 --- [main] o.s.b.w.embedded.tomcat.TomcatWebServer  : Tomcat started on port(s): 5050 (http) with context path '/pesapay'
2019-02-22 13:54:12.232  INFO 12864 --- [main] com.zara.Zara.ZaraApplication            : Started ZaraApplication in 24.71 seconds (JVM running for 26.266)
2019-02-22 13:54:12.238  INFO 12864 --- [main] c.zara.Zara.listeners.AppEventListener   : ............APP HAS STARTED...........
2019-02-22 13:54:12.354  INFO 12864 --- [main] o.h.h.i.QueryTranslatorFactoryInitiator  : HHH000397: Using ASTQueryTranslatorFactory
2019-02-22 13:54:12.802  INFO 12864 --- [main] c.zara.Zara.listeners.AppEventListener   : ............ROLES ALREADY EXIST...........
2019-02-22 13:55:06.360  INFO 12864 --- [http-nio-5050-exec-1] o.a.c.c.C.[.[localhost].[/pesapay]       : Initializing Spring FrameworkServlet 'dispatcherServlet'
2019-02-22 13:55:06.361  INFO 12864 --- [http-nio-5050-exec-1] o.s.web.servlet.DispatcherServlet        : FrameworkServlet 'dispatcherServlet': initialization started
2019-02-22 13:55:06.412  INFO 12864 --- [http-nio-5050-exec-1] o.s.web.servlet.DispatcherServlet        : FrameworkServlet 'dispatcherServlet': initialization completed in 51 ms
